<?xml version="1.0" encoding="utf-8"?><testsuites name="pytest tests"><testsuite name="pytest" errors="0" failures="0" skipped="0" tests="11" time="9.232" timestamp="2026-02-25T03:58:49.374196+00:00" hostname="agent-env-5a666286-b50d-461b-abb7-95b4654ed1a3"><testcase classname="backend.tests.test_ceraldi_iteration6.TestBilancioAPI" name="test_stato_patrimoniale_2026" time="2.131" /><testcase classname="backend.tests.test_ceraldi_iteration6.TestBilancioAPI" name="test_conto_economico_2026" time="0.657" /><testcase classname="backend.tests.test_ceraldi_iteration6.TestWarehouseAPI" name="test_warehouse_manutenzione_products" time="0.306" /><testcase classname="backend.tests.test_ceraldi_iteration6.TestWarehouseAPI" name="test_warehouse_all_products" time="2.082" /><testcase classname="backend.tests.test_ceraldi_iteration6.TestCorrispettiviAPI" name="test_corrispettivi_2026_matricola_rt" time="0.262" /><testcase classname="backend.tests.test_ceraldi_iteration6.TestF24PublicAPI" name="test_f24_models_2025" time="0.524" /><testcase classname="backend.tests.test_ceraldi_iteration6.TestPageEndpoints" name="test_health_endpoint" time="0.568" /><testcase classname="backend.tests.test_ceraldi_iteration6.TestPageEndpoints" name="test_cespiti_endpoint" time="1.016" /><testcase classname="backend.tests.test_ceraldi_iteration6.TestPageEndpoints" name="test_iva_mensile_endpoint" time="0.394" /><testcase classname="backend.tests.test_ceraldi_iteration6.TestPageEndpoints" name="test_discrepanze_endpoint" time="0.288" /><testcase classname="backend.tests.test_ceraldi_iteration6.TestPageEndpoints" name="test_dashboard_summary" time="0.884" /></testsuite></testsuites>