<?xml version="1.0" encoding="utf-8"?><testsuites name="pytest tests"><testsuite name="pytest" errors="0" failures="0" skipped="0" tests="18" time="19.219" timestamp="2026-04-02T03:41:48.608909+00:00" hostname="agent-env-986cc1f6-2ced-4995-916c-6582400a49e4"><testcase classname="backend.tests.test_iteration12.TestHealth" name="test_health_check_200" time="1.039" /><testcase classname="backend.tests.test_iteration12.TestCommercialista" name="test_alert_status_returns_correct_fields" time="3.389" /><testcase classname="backend.tests.test_iteration12.TestCommercialista" name="test_segna_inviata_returns_success" time="0.955" /><testcase classname="backend.tests.test_iteration12.TestCommercialista" name="test_alert_status_show_alert_is_bool_after_segna_inviata" time="0.776" /><testcase classname="backend.tests.test_iteration12.TestCommercialista" name="test_segna_inviata_missing_body_returns_400" time="0.105" /><testcase classname="backend.tests.test_iteration12.TestTracciabilita" name="test_tr_fatture_returns_list" time="1.212" /><testcase classname="backend.tests.test_iteration12.TestTracciabilita" name="test_tr_stats_returns_counts" time="1.740" /><testcase classname="backend.tests.test_iteration12.TestTracciabilita" name="test_tr_supervisor_stato_returns_semaforo" time="3.682" /><testcase classname="backend.tests.test_iteration12.TestTracciabilita" name="test_tr_lotti_create_and_delete" time="0.484" /><testcase classname="backend.tests.test_iteration12.TestTracciabilita" name="test_tr_produzioni_create_and_delete" time="1.892" /><testcase classname="backend.tests.test_iteration12.TestTracciabilita" name="test_tr_lotti_delete_nonexistent_returns_404" time="0.224" /><testcase classname="backend.tests.test_iteration12.TestTracciabilita" name="test_tr_produzioni_delete_nonexistent_returns_404" time="0.216" /><testcase classname="backend.tests.test_iteration12.TestTracciabilita" name="test_tr_codici_cun_exists" time="0.225" /><testcase classname="backend.tests.test_iteration12.TestFornitori" name="test_get_fornitori_returns_list" time="0.668" /><testcase classname="backend.tests.test_iteration12.TestFornitori" name="test_get_fornitori_has_required_fields" time="0.100" /><testcase classname="backend.tests.test_iteration12.TestFornitori" name="test_supplier_has_escludi_da_tracciabilita_via_put" time="1.584" /><testcase classname="backend.tests.test_iteration12.TestFornitori" name="test_supplier_create_does_not_persist_escludi_da_tracciabilita" time="0.802" /><testcase classname="backend.tests.test_iteration12.TestViteConfig" name="test_hmr_disabled_in_vite_config" time="0.000" /></testsuite></testsuites>