<?xml version="1.0" encoding="utf-8"?><testsuites name="pytest tests"><testsuite name="pytest" errors="0" failures="0" skipped="0" tests="18" time="4.623" timestamp="2026-02-24T21:21:47.622558+00:00" hostname="agent-env-e4b7a106-aa3c-4622-bb95-a096d4018faf"><testcase classname="backend.tests.test_erp_api.TestHealthEndpoints" name="test_health_check" time="0.296" /><testcase classname="backend.tests.test_erp_api.TestHealthEndpoints" name="test_ping_endpoint" time="0.127" /><testcase classname="backend.tests.test_erp_api.TestHealthEndpoints" name="test_root_endpoint" time="0.171" /><testcase classname="backend.tests.test_erp_api.TestSuppliersAPI" name="test_get_suppliers_list" time="0.155" /><testcase classname="backend.tests.test_erp_api.TestSuppliersAPI" name="test_supplier_data_structure" time="0.150" /><testcase classname="backend.tests.test_erp_api.TestEmployeesAPI" name="test_get_employees_list" time="0.243" /><testcase classname="backend.tests.test_erp_api.TestEmployeesAPI" name="test_employee_data_structure" time="0.261" /><testcase classname="backend.tests.test_erp_api.TestDashboardAPI" name="test_dashboard_stats" time="0.600" /><testcase classname="backend.tests.test_erp_api.TestInvoicesAPI" name="test_get_invoices" time="0.168" /><testcase classname="backend.tests.test_erp_api.TestInvoicesAPI" name="test_get_invoices_with_year" time="0.136" /><testcase classname="backend.tests.test_erp_api.TestBankAPI" name="test_bank_reconciliation" time="0.136" /><testcase classname="backend.tests.test_erp_api.TestF24API" name="test_f24_list" time="0.122" /><testcase classname="backend.tests.test_erp_api.TestF24API" name="test_f24_with_year" time="0.135" /><testcase classname="backend.tests.test_erp_api.TestCorrispettiviAPI" name="test_corrispettivi_list" time="0.236" /><testcase classname="backend.tests.test_erp_api.TestNotificationsAPI" name="test_notifications_list" time="0.232" /><testcase classname="backend.tests.test_erp_api.TestPrimaNotaAPI" name="test_prima_nota_cassa" time="0.387" /><testcase classname="backend.tests.test_erp_api.TestCedoliniAPI" name="test_cedolini_list" time="0.794" /><testcase classname="backend.tests.test_erp_api.TestAttendanceAPI" name="test_attendance_list" time="0.117" /></testsuite></testsuites>