<?xml version="1.0" encoding="utf-8"?><testsuites name="pytest tests"><testsuite name="pytest" errors="0" failures="1" skipped="0" tests="11" time="5.436" timestamp="2026-02-25T03:58:30.805835+00:00" hostname="agent-env-5a666286-b50d-461b-abb7-95b4654ed1a3"><testcase classname="backend.tests.test_ceraldi_iteration6.TestBilancioAPI" name="test_stato_patrimoniale_2026" time="0.589" /><testcase classname="backend.tests.test_ceraldi_iteration6.TestBilancioAPI" name="test_conto_economico_2026" time="0.448" /><testcase classname="backend.tests.test_ceraldi_iteration6.TestWarehouseAPI" name="test_warehouse_manutenzione_products" time="0.249" /><testcase classname="backend.tests.test_ceraldi_iteration6.TestWarehouseAPI" name="test_warehouse_all_products" time="1.653" /><testcase classname="backend.tests.test_ceraldi_iteration6.TestCorrispettiviAPI" name="test_corrispettivi_2026_matricola_rt" time="0.254" /><testcase classname="backend.tests.test_ceraldi_iteration6.TestF24PublicAPI" name="test_f24_models_2025" time="0.487" /><testcase classname="backend.tests.test_ceraldi_iteration6.TestPageEndpoints" name="test_health_endpoint" time="0.214" /><testcase classname="backend.tests.test_ceraldi_iteration6.TestPageEndpoints" name="test_cespiti_endpoint" time="0.623" /><testcase classname="backend.tests.test_ceraldi_iteration6.TestPageEndpoints" name="test_iva_mensile_endpoint" time="0.105"><failure message="AssertionError: Expected 200, got 404&#10;assert 404 == 200&#10; +  where 404 = &lt;Response [404]&gt;.status_code">backend/tests/test_ceraldi_iteration6.py:164: in test_iva_mensile_endpoint
    assert response.status_code == 200, f"Expected 200, got {response.status_code}"
E   AssertionError: Expected 200, got 404
E   assert 404 == 200
E    +  where 404 = &lt;Response [404]&gt;.status_code</failure></testcase><testcase classname="backend.tests.test_ceraldi_iteration6.TestPageEndpoints" name="test_discrepanze_endpoint" time="0.290" /><testcase classname="backend.tests.test_ceraldi_iteration6.TestPageEndpoints" name="test_dashboard_summary" time="0.403" /></testsuite></testsuites>