<?xml version="1.0" encoding="utf-8"?><testsuites name="pytest tests"><testsuite name="pytest" errors="0" failures="0" skipped="0" tests="7" time="28.598" timestamp="2026-04-21T05:11:36.851081+00:00" hostname="agent-env-cb7ec5dc-8eeb-47b8-a960-79069f327fd6"><testcase classname="backend.tests.test_corrispettivi_ingest.TestDocumentiUploadAuto" name="test_corrispettivo_creation_and_duplicate" time="5.107" /><testcase classname="backend.tests.test_corrispettivi_ingest.TestUploadXmlSingolo" name="test_upload_xml_creation_and_duplicate" time="3.959" /><testcase classname="backend.tests.test_corrispettivi_ingest.TestUploadXmlBulk" name="test_bulk_upload_mixed_new_and_duplicate" time="3.732" /><testcase classname="backend.tests.test_corrispettivi_ingest.TestUploadZip" name="test_zip_upload_with_duplicate" time="4.183" /><testcase classname="backend.tests.test_corrispettivi_ingest.TestRebuildPrimaNota" name="test_rebuild_creates_movements_for_year" time="3.767" /><testcase classname="backend.tests.test_corrispettivi_ingest.TestCleanupDuplicatiForte" name="test_cleanup_removes_duplicates_keeps_oldest" time="1.952" /><testcase classname="backend.tests.test_corrispettivi_ingest.TestCoerenzaImporti" name="test_totale_cassa_plus_banca_equals_totale_corrispettivi" time="5.720" /></testsuite></testsuites>