<?xml version="1.0" encoding="utf-8"?><testsuites name="pytest tests"><testsuite name="pytest" errors="0" failures="2" skipped="0" tests="22" time="14.775" timestamp="2026-04-02T04:02:05.709582+00:00" hostname="agent-env-986cc1f6-2ced-4995-916c-6582400a49e4"><testcase classname="backend.tests.test_iteration13.TestHealth" name="test_health_200" time="0.460" /><testcase classname="backend.tests.test_iteration13.TestTracciabilita" name="test_supervisor_stato" time="4.266" /><testcase classname="backend.tests.test_iteration13.TestTracciabilita" name="test_stats" time="1.699" /><testcase classname="backend.tests.test_iteration13.TestTracciabilita" name="test_lotti_list" time="0.274" /><testcase classname="backend.tests.test_iteration13.TestTracciabilita" name="test_produzioni_list" time="1.460" /><testcase classname="backend.tests.test_iteration13.TestTracciabilita" name="test_fatture_list" time="1.024" /><testcase classname="backend.tests.test_iteration13.TestTracciabilita" name="test_lotti_delete_first" time="0.492" /><testcase classname="backend.tests.test_iteration13.TestAliasRoutes" name="test_old_supervisor_stato_alias" time="0.050"><failure message="Failed: ALIAS NON APPLICATO: /api/supervisor/stato → 404. La mini-site CRA non funzionerà correttamente. Fix: aggiungere route alias in main.py">backend/tests/test_iteration13.py:126: in test_old_supervisor_stato_alias
    pytest.fail(
E   Failed: ALIAS NON APPLICATO: /api/supervisor/stato → 404. La mini-site CRA non funzionerà correttamente. Fix: aggiungere route alias in main.py</failure></testcase><testcase classname="backend.tests.test_iteration13.TestAliasRoutes" name="test_old_haccp_auto_verifica_alias" time="0.050"><failure message="Failed: ALIAS NON APPLICATO: /api/haccp-auto/verifica-oggi → 404. La mini-site CRA non funzionerà correttamente.">backend/tests/test_iteration13.py:137: in test_old_haccp_auto_verifica_alias
    pytest.fail(
E   Failed: ALIAS NON APPLICATO: /api/haccp-auto/verifica-oggi → 404. La mini-site CRA non funzionerà correttamente.</failure></testcase><testcase classname="backend.tests.test_iteration13.TestFornitori" name="test_list_suppliers" time="0.405" /><testcase classname="backend.tests.test_iteration13.TestFornitori" name="test_create_and_persist_flags" time="0.550" /><testcase classname="backend.tests.test_iteration13.TestFornitori" name="test_update_supplier" time="0.679" /><testcase classname="backend.tests.test_iteration13.TestFornitori" name="test_delete_supplier" time="0.607" /><testcase classname="backend.tests.test_iteration13.TestCommercialista" name="test_config" time="0.159" /><testcase classname="backend.tests.test_iteration13.TestCommercialista" name="test_alert_status" time="0.164" /><testcase classname="backend.tests.test_iteration13.TestCommercialista" name="test_log" time="0.162" /><testcase classname="backend.tests.test_iteration13.TestCommercialista" name="test_prima_nota_cassa" time="0.166" /><testcase classname="backend.tests.test_iteration13.TestCommercialista" name="test_fatture_cassa" time="0.168" /><testcase classname="backend.tests.test_iteration13.TestMagazzino" name="test_products_list" time="0.828" /><testcase classname="backend.tests.test_iteration13.TestMagazzino" name="test_fatture_ciclo_passivo" time="0.295" /><testcase classname="backend.tests.test_iteration13.TestDashboard" name="test_dashboard_stats" time="0.496" /><testcase classname="backend.tests.test_iteration13.TestDashboard" name="test_invoices_list" time="0.168" /></testsuite></testsuites>